<?xml version="1.0" encoding="UTF-8"?>
<testsuite xmlns:xsi="http://www.w3.org/2001/XMLSchema-instance" xsi:noNamespaceSchemaLocation="https://maven.apache.org/surefire/maven-surefire-plugin/xsd/surefire-test-report-3.0.xsd" version="3.0" name="lans.hotels.environment.EnvironmentTest" time="0.032" tests="7" errors="0" skipped="0" failures="0">
  <properties>
    <property name="gopherProxySet" value="false"/>
    <property name="awt.toolkit" value="sun.lwawt.macosx.LWCToolkit"/>
    <property name="java.specification.version" value="11"/>
    <property name="sun.cpu.isalist" value=""/>
    <property name="sun.jnu.encoding" value="UTF-8"/>
    <property name="java.class.path" value="/Users/levimckenzie-kirkbright/unibuild/SWEN90007-2022-LANS/target/test-classes:/Users/levimckenzie-kirkbright/unibuild/SWEN90007-2022-LANS/target/classes:/Users/levimckenzie-kirkbright/.m2/repository/org/json/json/20180130/json-20180130.jar:/Users/levimckenzie-kirkbright/.m2/repository/org/postgresql/postgresql/42.2.14/postgresql-42.2.14.jar:/Users/levimckenzie-kirkbright/.m2/repository/javax/servlet/javax.servlet-api/4.0.1/javax.servlet-api-4.0.1.jar:/Users/levimckenzie-kirkbright/.m2/repository/org/junit/jupiter/junit-jupiter-api/5.8.1/junit-jupiter-api-5.8.1.jar:/Users/levimckenzie-kirkbright/.m2/repository/org/opentest4j/opentest4j/1.2.0/opentest4j-1.2.0.jar:/Users/levimckenzie-kirkbright/.m2/repository/org/junit/platform/junit-platform-commons/1.8.1/junit-platform-commons-1.8.1.jar:/Users/levimckenzie-kirkbright/.m2/repository/org/apiguardian/apiguardian-api/1.1.2/apiguardian-api-1.1.2.jar:/Users/levimckenzie-kirkbright/.m2/repository/org/junit/jupiter/junit-jupiter-engine/5.8.1/junit-jupiter-engine-5.8.1.jar:/Users/levimckenzie-kirkbright/.m2/repository/org/junit/platform/junit-platform-engine/1.8.1/junit-platform-engine-1.8.1.jar:/Users/levimckenzie-kirkbright/.m2/repository/org/apache/maven/plugins/maven-surefire-plugin/3.0.0-M7/maven-surefire-plugin-3.0.0-M7.jar:/Users/levimckenzie-kirkbright/.m2/repository/org/apache/maven/surefire/maven-surefire-common/3.0.0-M7/maven-surefire-common-3.0.0-M7.jar:/Users/levimckenzie-kirkbright/.m2/repository/org/apache/maven/surefire/surefire-api/3.0.0-M7/surefire-api-3.0.0-M7.jar:/Users/levimckenzie-kirkbright/.m2/repository/org/apache/maven/surefire/surefire-logger-api/3.0.0-M7/surefire-logger-api-3.0.0-M7.jar:/Users/levimckenzie-kirkbright/.m2/repository/org/apache/maven/surefire/surefire-extensions-api/3.0.0-M7/surefire-extensions-api-3.0.0-M7.jar:/Users/levimckenzie-kirkbright/.m2/repository/org/apache/maven/surefire/surefire-booter/3.0.0-M7/surefire-booter-3.0.0-M7.jar:/Users/levimckenzie-kirkbright/.m2/repository/org/apache/maven/surefire/surefire-extensions-spi/3.0.0-M7/surefire-extensions-spi-3.0.0-M7.jar:/Users/levimckenzie-kirkbright/.m2/repository/org/apache/maven/shared/maven-common-artifact-filters/3.1.1/maven-common-artifact-filters-3.1.1.jar:/Users/levimckenzie-kirkbright/.m2/repository/org/apache/maven/maven-artifact/3.1.0/maven-artifact-3.1.0.jar:/Users/levimckenzie-kirkbright/.m2/repository/org/codehaus/plexus/plexus-utils/3.0.10/plexus-utils-3.0.10.jar:/Users/levimckenzie-kirkbright/.m2/repository/org/apache/maven/maven-core/3.1.0/maven-core-3.1.0.jar:/Users/levimckenzie-kirkbright/.m2/repository/org/apache/maven/maven-settings/3.1.0/maven-settings-3.1.0.jar:/Users/levimckenzie-kirkbright/.m2/repository/org/apache/maven/maven-settings-builder/3.1.0/maven-settings-builder-3.1.0.jar:/Users/levimckenzie-kirkbright/.m2/repository/org/apache/maven/maven-repository-metadata/3.1.0/maven-repository-metadata-3.1.0.jar:/Users/levimckenzie-kirkbright/.m2/repository/org/apache/maven/maven-model-builder/3.1.0/maven-model-builder-3.1.0.jar:/Users/levimckenzie-kirkbright/.m2/repository/org/apache/maven/maven-aether-provider/3.1.0/maven-aether-provider-3.1.0.jar:/Users/levimckenzie-kirkbright/.m2/repository/org/eclipse/aether/aether-spi/0.9.0.M2/aether-spi-0.9.0.M2.jar:/Users/levimckenzie-kirkbright/.m2/repository/org/eclipse/aether/aether-impl/0.9.0.M2/aether-impl-0.9.0.M2.jar:/Users/levimckenzie-kirkbright/.m2/repository/org/eclipse/aether/aether-api/0.9.0.M2/aether-api-0.9.0.M2.jar:/Users/levimckenzie-kirkbright/.m2/repository/org/eclipse/aether/aether-util/0.9.0.M2/aether-util-0.9.0.M2.jar:/Users/levimckenzie-kirkbright/.m2/repository/org/eclipse/sisu/org.eclipse.sisu.plexus/0.0.0.M2a/org.eclipse.sisu.plexus-0.0.0.M2a.jar:/Users/levimckenzie-kirkbright/.m2/repository/javax/enterprise/cdi-api/1.0/cdi-api-1.0.jar:/Users/levimckenzie-kirkbright/.m2/repository/javax/annotation/jsr250-api/1.0/jsr250-api-1.0.jar:/Users/levimckenzie-kirkbright/.m2/repository/javax/inject/javax.inject/1/javax.inject-1.jar:/Users/levimckenzie-kirkbright/.m2/repository/com/google/guava/guava/10.0.1/guava-10.0.1.jar:/Users/levimckenzie-kirkbright/.m2/repository/com/google/code/findbugs/jsr305/1.3.9/jsr305-1.3.9.jar:/Users/levimckenzie-kirkbright/.m2/repository/org/sonatype/sisu/sisu-guice/3.1.0/sisu-guice-3.1.0-no_aop.jar:/Users/levimckenzie-kirkbright/.m2/repository/aopalliance/aopalliance/1.0/aopalliance-1.0.jar:/Users/levimckenzie-kirkbright/.m2/repository/org/eclipse/sisu/org.eclipse.sisu.inject/0.0.0.M2a/org.eclipse.sisu.inject-0.0.0.M2a.jar:/Users/levimckenzie-kirkbright/.m2/repository/asm/asm/3.3.1/asm-3.3.1.jar:/Users/levimckenzie-kirkbright/.m2/repository/org/codehaus/plexus/plexus-interpolation/1.16/plexus-interpolation-1.16.jar:/Users/levimckenzie-kirkbright/.m2/repository/org/codehaus/plexus/plexus-classworlds/2.4.2/plexus-classworlds-2.4.2.jar:/Users/levimckenzie-kirkbright/.m2/repository/org/codehaus/plexus/plexus-component-annotations/1.5.5/plexus-component-annotations-1.5.5.jar:/Users/levimckenzie-kirkbright/.m2/repository/org/sonatype/plexus/plexus-sec-dispatcher/1.3/plexus-sec-dispatcher-1.3.jar:/Users/levimckenzie-kirkbright/.m2/repository/org/sonatype/plexus/plexus-cipher/1.4/plexus-cipher-1.4.jar:/Users/levimckenzie-kirkbright/.m2/repository/org/apache/maven/maven-plugin-api/3.1.0/maven-plugin-api-3.1.0.jar:/Users/levimckenzie-kirkbright/.m2/repository/commons-io/commons-io/2.6/commons-io-2.6.jar:/Users/levimckenzie-kirkbright/.m2/repository/org/codehaus/plexus/plexus-java/1.1.1/plexus-java-1.1.1.jar:/Users/levimckenzie-kirkbright/.m2/repository/org/ow2/asm/asm/9.2/asm-9.2.jar:/Users/levimckenzie-kirkbright/.m2/repository/com/thoughtworks/qdox/qdox/2.0.1/qdox-2.0.1.jar:/Users/levimckenzie-kirkbright/.m2/repository/org/apache/maven/surefire/surefire-shared-utils/3.0.0-M7/surefire-shared-utils-3.0.0-M7.jar:"/>
    <property name="java.vm.vendor" value="Azul Systems, Inc."/>
    <property name="sun.arch.data.model" value="64"/>
    <property name="java.vendor.url" value="http://www.azul.com/"/>
    <property name="user.timezone" value=""/>
    <property name="java.vm.specification.version" value="11"/>
    <property name="os.name" value="Mac OS X"/>
    <property name="sun.java.launcher" value="SUN_STANDARD"/>
    <property name="user.country" value="AU"/>
    <property name="sun.boot.library.path" value="/Users/levimckenzie-kirkbright/Library/Java/JavaVirtualMachines/azul-11.0.16/Contents/Home/lib"/>
    <property name="sun.java.command" value="/Users/levimckenzie-kirkbright/unibuild/SWEN90007-2022-LANS/target/surefire/surefirebooter-20220817122107703_3.jar /Users/levimckenzie-kirkbright/unibuild/SWEN90007-2022-LANS/target/surefire 2022-08-17T12-21-07_418-jvmRun1 surefire-20220817122107703_1tmp surefire_0-20220817122107703_2tmp"/>
    <property name="http.nonProxyHosts" value="local|*.local|169.254/16|*.169.254/16"/>
    <property name="jdk.debug" value="release"/>
    <property name="surefire.test.class.path" value="/Users/levimckenzie-kirkbright/unibuild/SWEN90007-2022-LANS/target/test-classes:/Users/levimckenzie-kirkbright/unibuild/SWEN90007-2022-LANS/target/classes:/Users/levimckenzie-kirkbright/.m2/repository/org/json/json/20180130/json-20180130.jar:/Users/levimckenzie-kirkbright/.m2/repository/org/postgresql/postgresql/42.2.14/postgresql-42.2.14.jar:/Users/levimckenzie-kirkbright/.m2/repository/javax/servlet/javax.servlet-api/4.0.1/javax.servlet-api-4.0.1.jar:/Users/levimckenzie-kirkbright/.m2/repository/org/junit/jupiter/junit-jupiter-api/5.8.1/junit-jupiter-api-5.8.1.jar:/Users/levimckenzie-kirkbright/.m2/repository/org/opentest4j/opentest4j/1.2.0/opentest4j-1.2.0.jar:/Users/levimckenzie-kirkbright/.m2/repository/org/junit/platform/junit-platform-commons/1.8.1/junit-platform-commons-1.8.1.jar:/Users/levimckenzie-kirkbright/.m2/repository/org/apiguardian/apiguardian-api/1.1.2/apiguardian-api-1.1.2.jar:/Users/levimckenzie-kirkbright/.m2/repository/org/junit/jupiter/junit-jupiter-engine/5.8.1/junit-jupiter-engine-5.8.1.jar:/Users/levimckenzie-kirkbright/.m2/repository/org/junit/platform/junit-platform-engine/1.8.1/junit-platform-engine-1.8.1.jar:/Users/levimckenzie-kirkbright/.m2/repository/org/apache/maven/plugins/maven-surefire-plugin/3.0.0-M7/maven-surefire-plugin-3.0.0-M7.jar:/Users/levimckenzie-kirkbright/.m2/repository/org/apache/maven/surefire/maven-surefire-common/3.0.0-M7/maven-surefire-common-3.0.0-M7.jar:/Users/levimckenzie-kirkbright/.m2/repository/org/apache/maven/surefire/surefire-api/3.0.0-M7/surefire-api-3.0.0-M7.jar:/Users/levimckenzie-kirkbright/.m2/repository/org/apache/maven/surefire/surefire-logger-api/3.0.0-M7/surefire-logger-api-3.0.0-M7.jar:/Users/levimckenzie-kirkbright/.m2/repository/org/apache/maven/surefire/surefire-extensions-api/3.0.0-M7/surefire-extensions-api-3.0.0-M7.jar:/Users/levimckenzie-kirkbright/.m2/repository/org/apache/maven/surefire/surefire-booter/3.0.0-M7/surefire-booter-3.0.0-M7.jar:/Users/levimckenzie-kirkbright/.m2/repository/org/apache/maven/surefire/surefire-extensions-spi/3.0.0-M7/surefire-extensions-spi-3.0.0-M7.jar:/Users/levimckenzie-kirkbright/.m2/repository/org/apache/maven/shared/maven-common-artifact-filters/3.1.1/maven-common-artifact-filters-3.1.1.jar:/Users/levimckenzie-kirkbright/.m2/repository/org/apache/maven/maven-artifact/3.1.0/maven-artifact-3.1.0.jar:/Users/levimckenzie-kirkbright/.m2/repository/org/codehaus/plexus/plexus-utils/3.0.10/plexus-utils-3.0.10.jar:/Users/levimckenzie-kirkbright/.m2/repository/org/apache/maven/maven-core/3.1.0/maven-core-3.1.0.jar:/Users/levimckenzie-kirkbright/.m2/repository/org/apache/maven/maven-settings/3.1.0/maven-settings-3.1.0.jar:/Users/levimckenzie-kirkbright/.m2/repository/org/apache/maven/maven-settings-builder/3.1.0/maven-settings-builder-3.1.0.jar:/Users/levimckenzie-kirkbright/.m2/repository/org/apache/maven/maven-repository-metadata/3.1.0/maven-repository-metadata-3.1.0.jar:/Users/levimckenzie-kirkbright/.m2/repository/org/apache/maven/maven-model-builder/3.1.0/maven-model-builder-3.1.0.jar:/Users/levimckenzie-kirkbright/.m2/repository/org/apache/maven/maven-aether-provider/3.1.0/maven-aether-provider-3.1.0.jar:/Users/levimckenzie-kirkbright/.m2/repository/org/eclipse/aether/aether-spi/0.9.0.M2/aether-spi-0.9.0.M2.jar:/Users/levimckenzie-kirkbright/.m2/repository/org/eclipse/aether/aether-impl/0.9.0.M2/aether-impl-0.9.0.M2.jar:/Users/levimckenzie-kirkbright/.m2/repository/org/eclipse/aether/aether-api/0.9.0.M2/aether-api-0.9.0.M2.jar:/Users/levimckenzie-kirkbright/.m2/repository/org/eclipse/aether/aether-util/0.9.0.M2/aether-util-0.9.0.M2.jar:/Users/levimckenzie-kirkbright/.m2/repository/org/eclipse/sisu/org.eclipse.sisu.plexus/0.0.0.M2a/org.eclipse.sisu.plexus-0.0.0.M2a.jar:/Users/levimckenzie-kirkbright/.m2/repository/javax/enterprise/cdi-api/1.0/cdi-api-1.0.jar:/Users/levimckenzie-kirkbright/.m2/repository/javax/annotation/jsr250-api/1.0/jsr250-api-1.0.jar:/Users/levimckenzie-kirkbright/.m2/repository/javax/inject/javax.inject/1/javax.inject-1.jar:/Users/levimckenzie-kirkbright/.m2/repository/com/google/guava/guava/10.0.1/guava-10.0.1.jar:/Users/levimckenzie-kirkbright/.m2/repository/com/google/code/findbugs/jsr305/1.3.9/jsr305-1.3.9.jar:/Users/levimckenzie-kirkbright/.m2/repository/org/sonatype/sisu/sisu-guice/3.1.0/sisu-guice-3.1.0-no_aop.jar:/Users/levimckenzie-kirkbright/.m2/repository/aopalliance/aopalliance/1.0/aopalliance-1.0.jar:/Users/levimckenzie-kirkbright/.m2/repository/org/eclipse/sisu/org.eclipse.sisu.inject/0.0.0.M2a/org.eclipse.sisu.inject-0.0.0.M2a.jar:/Users/levimckenzie-kirkbright/.m2/repository/asm/asm/3.3.1/asm-3.3.1.jar:/Users/levimckenzie-kirkbright/.m2/repository/org/codehaus/plexus/plexus-interpolation/1.16/plexus-interpolation-1.16.jar:/Users/levimckenzie-kirkbright/.m2/repository/org/codehaus/plexus/plexus-classworlds/2.4.2/plexus-classworlds-2.4.2.jar:/Users/levimckenzie-kirkbright/.m2/repository/org/codehaus/plexus/plexus-component-annotations/1.5.5/plexus-component-annotations-1.5.5.jar:/Users/levimckenzie-kirkbright/.m2/repository/org/sonatype/plexus/plexus-sec-dispatcher/1.3/plexus-sec-dispatcher-1.3.jar:/Users/levimckenzie-kirkbright/.m2/repository/org/sonatype/plexus/plexus-cipher/1.4/plexus-cipher-1.4.jar:/Users/levimckenzie-kirkbright/.m2/repository/org/apache/maven/maven-plugin-api/3.1.0/maven-plugin-api-3.1.0.jar:/Users/levimckenzie-kirkbright/.m2/repository/commons-io/commons-io/2.6/commons-io-2.6.jar:/Users/levimckenzie-kirkbright/.m2/repository/org/codehaus/plexus/plexus-java/1.1.1/plexus-java-1.1.1.jar:/Users/levimckenzie-kirkbright/.m2/repository/org/ow2/asm/asm/9.2/asm-9.2.jar:/Users/levimckenzie-kirkbright/.m2/repository/com/thoughtworks/qdox/qdox/2.0.1/qdox-2.0.1.jar:/Users/levimckenzie-kirkbright/.m2/repository/org/apache/maven/surefire/surefire-shared-utils/3.0.0-M7/surefire-shared-utils-3.0.0-M7.jar:"/>
    <property name="sun.cpu.endian" value="little"/>
    <property name="user.home" value="/Users/levimckenzie-kirkbright"/>
    <property name="user.language" value="en"/>
    <property name="java.specification.vendor" value="Oracle Corporation"/>
    <property name="java.version.date" value="2022-07-19"/>
    <property name="java.home" value="/Users/levimckenzie-kirkbright/Library/Java/JavaVirtualMachines/azul-11.0.16/Contents/Home"/>
    <property name="file.separator" value="/"/>
    <property name="basedir" value="/Users/levimckenzie-kirkbright/unibuild/SWEN90007-2022-LANS"/>
    <property name="java.vm.compressedOopsMode" value="Zero based"/>
    <property name="line.separator" value="&#10;"/>
    <property name="java.specification.name" value="Java Platform API Specification"/>
    <property name="java.vm.specification.vendor" value="Oracle Corporation"/>
    <property name="jdk.vendor.version" value="Zulu11.58+15-CA"/>
    <property name="java.awt.graphicsenv" value="sun.awt.CGraphicsEnvironment"/>
    <property name="surefire.real.class.path" value="/Users/levimckenzie-kirkbright/unibuild/SWEN90007-2022-LANS/target/surefire/surefirebooter-20220817122107703_3.jar"/>
    <property name="sun.management.compiler" value="HotSpot 64-Bit Tiered Compilers"/>
    <property name="ftp.nonProxyHosts" value="local|*.local|169.254/16|*.169.254/16"/>
    <property name="java.runtime.version" value="11.0.16+8-LTS"/>
    <property name="user.name" value="levimckenzie-kirkbright"/>
    <property name="path.separator" value=":"/>
    <property name="os.version" value="12.4"/>
    <property name="java.runtime.name" value="OpenJDK Runtime Environment"/>
    <property name="file.encoding" value="UTF-8"/>
    <property name="java.vm.name" value="OpenJDK 64-Bit Server VM"/>
    <property name="java.vendor.version" value="Zulu11.58+15-CA"/>
    <property name="localRepository" value="/Users/levimckenzie-kirkbright/.m2/repository"/>
    <property name="java.vendor.url.bug" value="http://www.azul.com/support/"/>
    <property name="java.io.tmpdir" value="/var/folders/8b/j4shqk_d35lgm42zs9r7d37r0000gn/T/"/>
    <property name="idea.version" value="2022.2"/>
    <property name="java.version" value="11.0.16"/>
    <property name="user.dir" value="/Users/levimckenzie-kirkbright/unibuild/SWEN90007-2022-LANS"/>
    <property name="os.arch" value="x86_64"/>
    <property name="java.vm.specification.name" value="Java Virtual Machine Specification"/>
    <property name="java.awt.printerjob" value="sun.lwawt.macosx.CPrinterJob"/>
    <property name="sun.os.patch.level" value="unknown"/>
    <property name="java.library.path" value="/Users/levimckenzie-kirkbright/Library/Java/Extensions:/Library/Java/Extensions:/Network/Library/Java/Extensions:/System/Library/Java/Extensions:/usr/lib/java:."/>
    <property name="java.vm.info" value="mixed mode"/>
    <property name="java.vendor" value="Azul Systems, Inc."/>
    <property name="java.vm.version" value="11.0.16+8-LTS"/>
    <property name="sun.io.unicode.encoding" value="UnicodeBig"/>
    <property name="java.class.version" value="55.0"/>
    <property name="socksNonProxyHosts" value="local|*.local|169.254/16|*.169.254/16"/>
  </properties>
  <testcase name="Environment_with_invalid_STAGE_fails" classname="lans.hotels.environment.EnvironmentTest" time="0.011"/>
  <testcase name="Env_fails_without_db_URL" classname="lans.hotels.environment.EnvironmentTest" time="0.001"/>
  <testcase name="Env_fails_without_db_USERNAME" classname="lans.hotels.environment.EnvironmentTest" time="0.006"/>
  <testcase name="Env_configured_with_PRODUCTION_STAGE_is_in_production" classname="lans.hotels.environment.EnvironmentTest" time="0.002"/>
  <testcase name="Environment_without_STAGE_fails" classname="lans.hotels.environment.EnvironmentTest" time="0.002"/>
  <testcase name="Env_configured_with_DEVELOPMENT_STAGE_is_in_development" classname="lans.hotels.environment.EnvironmentTest" time="0"/>
  <testcase name="Env_fails_without_db_PASSWORD" classname="lans.hotels.environment.EnvironmentTest" time="0.001"/>
</testsuite>